Determining if the pthread_create exist failed with the following output:
Change Dir: /home/caioaamaral/vision_ws/build/catkin_tools_prebuild/CMakeFiles/CMakeTmp

Run Build Command:"/usr/bin/make" "cmTC_26ff0/fast"
/usr/bin/make -f CMakeFiles/cmTC_26ff0.dir/build.make CMakeFiles/cmTC_26ff0.dir/build
make[1]: Entering directory '/home/caioaamaral/vision_ws/build/catkin_tools_prebuild/CMakeFiles/CMakeTmp'
Building C object CMakeFiles/cmTC_26ff0.dir/CheckSymbolExists.c.o
/usr/bin/cc     -o CMakeFiles/cmTC_26ff0.dir/CheckSymbolExists.c.o   -c /home/caioaamaral/vision_ws/build/catkin_tools_prebuild/CMakeFiles/CMakeTmp/CheckSymbolExists.c
Linking C executable cmTC_26ff0
/usr/bin/cmake -E cmake_link_script CMakeFiles/cmTC_26ff0.dir/link.txt --verbose=1
/usr/bin/cc       CMakeFiles/cmTC_26ff0.dir/CheckSymbolExists.c.o  -o cmTC_26ff0 -rdynamic 
CMakeFiles/cmTC_26ff0.dir/CheckSymbolExists.c.o: In function `main':
CheckSymbolExists.c:(.text+0x16): undefined reference to `pthread_create'
collect2: error: ld returned 1 exit status
CMakeFiles/cmTC_26ff0.dir/build.make:97: recipe for target 'cmTC_26ff0' failed
make[1]: *** [cmTC_26ff0] Error 1
make[1]: Leaving directory '/home/caioaamaral/vision_ws/build/catkin_tools_prebuild/CMakeFiles/CMakeTmp'
Makefile:126: recipe for target 'cmTC_26ff0/fast' failed
make: *** [cmTC_26ff0/fast] Error 2

File /home/caioaamaral/vision_ws/build/catkin_tools_prebuild/CMakeFiles/CMakeTmp/CheckSymbolExists.c:
/* */
#include <pthread.h>

int main(int argc, char** argv)
{
  (void)argv;
#ifndef pthread_create
  return ((int*)(&pthread_create))[argc];
#else
  (void)argc;
  return 0;
#endif
}

Determining if the function pthread_create exists in the pthreads failed with the following output:
Change Dir: /home/caioaamaral/vision_ws/build/catkin_tools_prebuild/CMakeFiles/CMakeTmp

Run Build Command:"/usr/bin/make" "cmTC_7481e/fast"
/usr/bin/make -f CMakeFiles/cmTC_7481e.dir/build.make CMakeFiles/cmTC_7481e.dir/build
make[1]: Entering directory '/home/caioaamaral/vision_ws/build/catkin_tools_prebuild/CMakeFiles/CMakeTmp'
Building C object CMakeFiles/cmTC_7481e.dir/CheckFunctionExists.c.o
/usr/bin/cc    -DCHECK_FUNCTION_EXISTS=pthread_create   -o CMakeFiles/cmTC_7481e.dir/CheckFunctionExists.c.o   -c /usr/share/cmake-3.5/Modules/CheckFunctionExists.c
Linking C executable cmTC_7481e
/usr/bin/cmake -E cmake_link_script CMakeFiles/cmTC_7481e.dir/link.txt --verbose=1
/usr/bin/cc   -DCHECK_FUNCTION_EXISTS=pthread_create    CMakeFiles/cmTC_7481e.dir/CheckFunctionExists.c.o  -o cmTC_7481e -rdynamic -lpthreads 
/usr/bin/ld: cannot find -lpthreads
collect2: error: ld returned 1 exit status
CMakeFiles/cmTC_7481e.dir/build.make:97: recipe for target 'cmTC_7481e' failed
make[1]: *** [cmTC_7481e] Error 1
make[1]: Leaving directory '/home/caioaamaral/vision_ws/build/catkin_tools_prebuild/CMakeFiles/CMakeTmp'
Makefile:126: recipe for target 'cmTC_7481e/fast' failed
make: *** [cmTC_7481e/fast] Error 2


